[debug] [2018-02-11T09:01:35.890Z] ----------------------------------------------------------------------
[debug] [2018-02-11T09:01:35.898Z] Command:       C:\Program Files\nodejs\node.exe C:\Users\Owais pc\AppData\Roaming\npm\node_modules\firebase-tools\bin\firebase init
[debug] [2018-02-11T09:01:35.902Z] CLI Version:   3.17.3
[debug] [2018-02-11T09:01:35.902Z] Platform:      win32
[debug] [2018-02-11T09:01:35.902Z] Node Version:  v8.9.4
[debug] [2018-02-11T09:01:35.914Z] Time:          Sun Feb 11 2018 14:01:35 GMT+0500 (Pakistan Standard Time)
[debug] [2018-02-11T09:01:35.914Z] ----------------------------------------------------------------------
[debug] 
[debug] [2018-02-11T09:01:36.014Z] > command requires scopes: ["email","openid","https://www.googleapis.com/auth/cloudplatformprojects.readonly","https://www.googleapis.com/auth/firebase"]
[debug] [2018-02-11T09:01:36.018Z] > authorizing via signed-in user
[info] 
     ######## #### ########  ######## ########     ###     ######  ########
     ##        ##  ##     ## ##       ##     ##  ##   ##  ##       ##
     ######    ##  ########  ######   ########  #########  ######  ######
     ##        ##  ##    ##  ##       ##     ## ##     ##       ## ##
     ##       #### ##     ## ######## ########  ##     ##  ######  ########

You're about to initialize a Firebase project in this directory:

  G:\theory\saylani\batch 5\Saylani web

[info] 
=== Project Setup
[info] 
[info] First, let's associate this project directory with a Firebase project.
[info] You can create multiple project aliases by running firebase use --add, 
[info] but for now we'll just set up a default project.
[info] 
[debug] [2018-02-11T09:01:55.911Z] > refreshing access token with scopes: ["email","https://www.googleapis.com/auth/cloudplatformprojects.readonly","https://www.googleapis.com/auth/firebase","openid"]
[debug] [2018-02-11T09:01:55.911Z] >>> HTTP REQUEST POST https://www.googleapis.com/oauth2/v3/token  
 { refresh_token: '1/rqXSnp_dLbV1mZUs5jZF0DwG98GCWzk1m3YdUyv5FGY',
  client_id: '563584335869-fgrhgmd47bqnekij5i8b5pr03ho849e6.apps.googleusercontent.com',
  client_secret: 'j9iVZfS8kkCEFUPaAeJV0sAi',
  grant_type: 'refresh_token',
  scope: 'email https://www.googleapis.com/auth/cloudplatformprojects.readonly https://www.googleapis.com/auth/firebase openid' } 
 Sun Feb 11 2018 14:01:55 GMT+0500 (Pakistan Standard Time)
[debug] [2018-02-11T09:01:57.419Z] <<< HTTP RESPONSE 200
[debug] [2018-02-11T09:01:57.479Z] >>> HTTP REQUEST GET https://admin.firebase.com/v1/projects  
  
 Sun Feb 11 2018 14:01:57 GMT+0500 (Pakistan Standard Time)
[debug] [2018-02-11T09:01:59.035Z] <<< HTTP RESPONSE 200
[info] 
=== Database Setup
[info] 
[info] Firebase Realtime Database Rules allow you to define how your data should be
[info] structured and when your data can be read from and written to.
[info] 
[info] Skipping overwrite of Database Rules.
[info] The rules defined in index.html will be published when you do firebase deploy.
[info] 
=== Hosting Setup
[info] 
[info] Your public directory is the folder (relative to your project directory) that
[info] will contain Hosting assets to be uploaded with firebase deploy. If you
[info] have a build process for your assets, use your build's output directory.
[info] 
